This is pdfTeX, Version 3.141592653-2.6-1.40.22 (TeX Live 2021) (preloaded format=pdflatex 2022.5.10)  3 DEC 2025 17:38
entering extended mode
 restricted \write18 enabled.
 %&-line parsing enabled.
**\input ./Rd2.tex
 (./Rd2.tex
(/usr/share/texlive/texmf-dist/tex/latex/base/book.cls
Document Class: book 2020/04/10 v1.4m Standard LaTeX document class
(/usr/share/texlive/texmf-dist/tex/latex/base/bk10.clo
File: bk10.clo 2020/04/10 v1.4m Standard LaTeX file (size option)
)
\c@part=\count179
\c@chapter=\count180
\c@section=\count181
\c@subsection=\count182
\c@subsubsection=\count183
\c@paragraph=\count184
\c@subparagraph=\count185
\c@figure=\count186
\c@table=\count187
\abovecaptionskip=\skip47
\belowcaptionskip=\skip48
\bibindent=\dimen138
)
(/usr/local/lib64/R/share/texmf/tex/latex/Rd.sty
Package: Rd 

(/usr/share/texlive/texmf-dist/tex/latex/base/ifthen.sty
Package: ifthen 2014/09/29 v1.1c Standard LaTeX ifthen package (DPC)
)
(/usr/share/texlive/texmf-dist/tex/generic/iftex/iftex.sty
Package: iftex 2020/03/06 v1.0d TeX engine tests
)
(/usr/share/texlive/texmf-dist/tex/latex/tools/longtable.sty
Package: longtable 2020/01/07 v4.13 Multi-page Table package (DPC)
\LTleft=\skip49
\LTright=\skip50
\LTpre=\skip51
\LTpost=\skip52
\LTchunksize=\count188
\LTcapwidth=\dimen139
\LT@head=\box47
\LT@firsthead=\box48
\LT@foot=\box49
\LT@lastfoot=\box50
\LT@cols=\count189
\LT@rows=\count190
\c@LT@tables=\count191
\c@LT@chunks=\count192
\LT@p@ftn=\toks15
)
(/usr/share/texlive/texmf-dist/tex/latex/tools/bm.sty
Package: bm 2019/07/24 v1.2d Bold Symbol Support (DPC/FMi)
\symboldoperators=\mathgroup4
\symboldletters=\mathgroup5
\symboldsymbols=\mathgroup6
LaTeX Font Info:    Redeclaring math alphabet \mathbf on input line 141.
LaTeX Info: Redefining \bm on input line 209.
)
(/usr/share/texlive/texmf-dist/tex/latex/base/alltt.sty
Package: alltt 1997/06/16 v2.0g defines alltt environment
)
(/usr/share/texlive/texmf-dist/tex/latex/tools/verbatim.sty
Package: verbatim 2020-07-07 v1.5u LaTeX2e package for verbatim enhancements
\every@verbatim=\toks16
\verbatim@line=\toks17
\verbatim@in@stream=\read2
)
(/usr/share/texlive/texmf-dist/tex/latex/url/url.sty
\Urlmuskip=\muskip16
Package: url 2013/09/16  ver 3.4  Verb mode for urls, etc.
)
(/usr/share/texlive/texmf-dist/tex/latex/base/textcomp.sty
Package: textcomp 2020/02/02 v2.0n Standard LaTeX package
)
(/usr/share/texlive/texmf-dist/tex/latex/amsmath/amsmath.sty
Package: amsmath 2020/09/23 v2.17i AMS math features
\@mathmargin=\skip53

For additional information on amsmath, use the `?' option.
(/usr/share/texlive/texmf-dist/tex/latex/amsmath/amstext.sty
Package: amstext 2000/06/29 v2.01 AMS text

(/usr/share/texlive/texmf-dist/tex/latex/amsmath/amsgen.sty
File: amsgen.sty 1999/11/30 v2.0 generic functions
\@emptytoks=\toks18
\ex@=\dimen140
))
(/usr/share/texlive/texmf-dist/tex/latex/amsmath/amsbsy.sty
Package: amsbsy 1999/11/29 v1.2d Bold Symbols
LaTeX Info: Redefining \boldsymbol on input line 28.
\pmbraise@=\dimen141
)
(/usr/share/texlive/texmf-dist/tex/latex/amsmath/amsopn.sty
Package: amsopn 2016/03/08 v2.02 operator names
)
\inf@bad=\count193
LaTeX Info: Redefining \frac on input line 234.
\uproot@=\count194
\leftroot@=\count195
LaTeX Info: Redefining \overline on input line 399.
\classnum@=\count196
\DOTSCASE@=\count197
LaTeX Info: Redefining \ldots on input line 496.
LaTeX Info: Redefining \dots on input line 499.
LaTeX Info: Redefining \cdots on input line 620.
\Mathstrutbox@=\box51
\strutbox@=\box52
\big@size=\dimen142
LaTeX Font Info:    Redeclaring font encoding OML on input line 743.
LaTeX Font Info:    Redeclaring font encoding OMS on input line 744.
\macc@depth=\count198
\c@MaxMatrixCols=\count199
\dotsspace@=\muskip17
\c@parentequation=\count266
\dspbrk@lvl=\count267
\tag@help=\toks19
\row@=\count268
\column@=\count269
\maxfields@=\count270
\andhelp@=\toks20
\eqnshift@=\dimen143
\alignsep@=\dimen144
\tagshift@=\dimen145
\tagwidth@=\dimen146
\totwidth@=\dimen147
\lineht@=\dimen148
\@envbody=\toks21
\multlinegap=\skip54
\multlinetaggap=\skip55
\mathdisplay@stack=\toks22
LaTeX Info: Redefining \[ on input line 2923.
LaTeX Info: Redefining \] on input line 2924.
)
(/usr/share/texlive/texmf-dist/tex/latex/amsfonts/amsfonts.sty
Package: amsfonts 2013/01/14 v3.01 Basic AMSFonts support
\symAMSa=\mathgroup7
\symAMSb=\mathgroup8
LaTeX Font Info:    Redeclaring math symbol \hbar on input line 98.
LaTeX Font Info:    Overwriting math alphabet `\mathfrak' in version `bold'
(Font)                  U/euf/m/n --> U/euf/b/n on input line 106.
)
(/usr/share/texlive/texmf-dist/tex/latex/amsfonts/amssymb.sty
Package: amssymb 2013/01/14 v3.01 AMS font symbols
)
(/usr/share/texlive/texmf-dist/tex/latex/jknapltx/mathrsfs.sty
Package: mathrsfs 1996/01/01 Math RSFS package v1.0 (jk)
\symrsfs=\mathgroup9
)
\ldescriptionwidth=\skip56

(/usr/share/texlive/texmf-dist/tex/latex/base/fontenc.sty
Package: fontenc 2020/08/10 v2.0s Standard LaTeX package
)
(/usr/share/texlive/texmf-dist/tex/latex/psnfss/times.sty
Package: times 2020/03/25 PSNFSS-v9.3 (SPQR) 
)
(/usr/share/texlive/texmf-dist/tex/latex/inconsolata/zi4.sty
Package: zi4 2019/05/17 v1.12

`inconsolata-zi4' v1.12, 2019/05/17 Text macros for Inconsolata (msharpe)
(/usr/share/texlive/texmf-dist/tex/latex/xkeyval/xkeyval.sty
Package: xkeyval 2020/11/20 v2.8 package option processing (HA)

(/usr/share/texlive/texmf-dist/tex/generic/xkeyval/xkeyval.tex
(/usr/share/texlive/texmf-dist/tex/generic/xkeyval/xkvutils.tex
\XKV@toks=\toks23
\XKV@tempa@toks=\toks24

(/usr/share/texlive/texmf-dist/tex/generic/xkeyval/keyval.tex))
\XKV@depth=\count271
File: xkeyval.tex 2014/12/03 v2.7a key=value parser (HA)
))
\zifour@ocount=\count272
)
(/usr/share/texlive/texmf-dist/tex/latex/graphics/color.sty
Package: color 2020/02/24 v1.2b Standard LaTeX Color (DPC)

(/usr/share/texlive/texmf-dist/tex/latex/graphics-cfg/color.cfg
File: color.cfg 2016/01/02 v1.6 sample color configuration
)
Package color Info: Driver file: pdftex.def on input line 147.

(/usr/share/texlive/texmf-dist/tex/latex/graphics-def/pdftex.def
File: pdftex.def 2020/10/05 v1.2a Graphics/color driver for pdftex
))
(/usr/share/texlive/texmf-dist/tex/latex/hyperref/hyperref.sty
Package: hyperref 2021-02-27 v7.00k Hypertext links for LaTeX

(/usr/share/texlive/texmf-dist/tex/generic/ltxcmds/ltxcmds.sty
Package: ltxcmds 2020-05-10 v1.25 LaTeX kernel commands for general use (HO)
)
(/usr/share/texlive/texmf-dist/tex/generic/pdftexcmds/pdftexcmds.sty
Package: pdftexcmds 2020-06-27 v0.33 Utility functions of pdfTeX for LuaTeX (HO
)

(/usr/share/texlive/texmf-dist/tex/generic/infwarerr/infwarerr.sty
Package: infwarerr 2019/12/03 v1.5 Providing info/warning/error messages (HO)
)
Package pdftexcmds Info: \pdf@primitive is available.
Package pdftexcmds Info: \pdf@ifprimitive is available.
Package pdftexcmds Info: \pdfdraftmode found.
)
(/usr/share/texlive/texmf-dist/tex/generic/kvsetkeys/kvsetkeys.sty
Package: kvsetkeys 2019/12/15 v1.18 Key value parser (HO)
)
(/usr/share/texlive/texmf-dist/tex/generic/kvdefinekeys/kvdefinekeys.sty
Package: kvdefinekeys 2019-12-19 v1.6 Define keys (HO)
)
(/usr/share/texlive/texmf-dist/tex/generic/pdfescape/pdfescape.sty
Package: pdfescape 2019/12/09 v1.15 Implements pdfTeX's escape features (HO)
)
(/usr/share/texlive/texmf-dist/tex/latex/hycolor/hycolor.sty
Package: hycolor 2020-01-27 v1.10 Color options for hyperref/bookmark (HO)
)
(/usr/share/texlive/texmf-dist/tex/latex/letltxmacro/letltxmacro.sty
Package: letltxmacro 2019/12/03 v1.6 Let assignment for LaTeX macros (HO)
)
(/usr/share/texlive/texmf-dist/tex/latex/auxhook/auxhook.sty
Package: auxhook 2019-12-17 v1.6 Hooks for auxiliary files (HO)
)
(/usr/share/texlive/texmf-dist/tex/latex/kvoptions/kvoptions.sty
Package: kvoptions 2020-10-07 v3.14 Key value format for package options (HO)
)
\@linkdim=\dimen149
\Hy@linkcounter=\count273
\Hy@pagecounter=\count274

(/usr/share/texlive/texmf-dist/tex/latex/hyperref/pd1enc.def
File: pd1enc.def 2021-02-27 v7.00k Hyperref: PDFDocEncoding definition (HO)
Now handling font encoding PD1 ...
... no UTF-8 mapping file for font encoding PD1
)
(/usr/share/texlive/texmf-dist/tex/latex/hyperref/hyperref-langpatches.def
File: hyperref-langpatches.def 2021-02-27 v7.00k Hyperref: patches for babel la
nguages
)
(/usr/share/texlive/texmf-dist/tex/generic/intcalc/intcalc.sty
Package: intcalc 2019/12/15 v1.3 Expandable calculations with integers (HO)
)
(/usr/share/texlive/texmf-dist/tex/generic/etexcmds/etexcmds.sty
Package: etexcmds 2019/12/15 v1.7 Avoid name clashes with e-TeX commands (HO)
)
\Hy@SavedSpaceFactor=\count275

(/usr/share/texlive/texmf-dist/tex/latex/hyperref/puenc.def
File: puenc.def 2021-02-27 v7.00k Hyperref: PDF Unicode definition (HO)
Now handling font encoding PU ...
... no UTF-8 mapping file for font encoding PU
)
Package hyperref Info: Hyper figures OFF on input line 4192.
Package hyperref Info: Link nesting OFF on input line 4197.
Package hyperref Info: Hyper index ON on input line 4200.
Package hyperref Info: Plain pages OFF on input line 4207.
Package hyperref Info: Backreferencing OFF on input line 4212.
Package hyperref Info: Implicit mode ON; LaTeX internals redefined.
Package hyperref Info: Bookmarks ON on input line 4445.
\c@Hy@tempcnt=\count276
LaTeX Info: Redefining \url on input line 4804.
\XeTeXLinkMargin=\dimen150

(/usr/share/texlive/texmf-dist/tex/generic/bitset/bitset.sty
Package: bitset 2019/12/09 v1.3 Handle bit-vector datatype (HO)

(/usr/share/texlive/texmf-dist/tex/generic/bigintcalc/bigintcalc.sty
Package: bigintcalc 2019/12/15 v1.5 Expandable calculations on big integers (HO
)
))
\Fld@menulength=\count277
\Field@Width=\dimen151
\Fld@charsize=\dimen152
Package hyperref Info: Hyper figures OFF on input line 6075.
Package hyperref Info: Link nesting OFF on input line 6080.
Package hyperref Info: Hyper index ON on input line 6083.
Package hyperref Info: backreferencing OFF on input line 6090.
Package hyperref Info: Link coloring OFF on input line 6095.
Package hyperref Info: Link coloring with OCG OFF on input line 6100.
Package hyperref Info: PDF/A mode OFF on input line 6105.
LaTeX Info: Redefining \ref on input line 6145.
LaTeX Info: Redefining \pageref on input line 6149.

(/usr/share/texlive/texmf-dist/tex/latex/base/atbegshi-ltx.sty
Package: atbegshi-ltx 2020/08/17 v1.0a Emulation of the original atbegshi packa
ge
with kernel methods
)
\Hy@abspage=\count278
\c@Item=\count279
\c@Hfootnote=\count280
)
Package hyperref Info: Driver (autodetected): hpdftex.

(/usr/share/texlive/texmf-dist/tex/latex/hyperref/hpdftex.def
File: hpdftex.def 2021-02-27 v7.00k Hyperref driver for pdfTeX

(/usr/share/texlive/texmf-dist/tex/latex/base/atveryend-ltx.sty
Package: atveryend-ltx 2020/08/19 v1.0a Emulation of the original atvery packag
e
with kernel methods
)
\Fld@listcount=\count281
\c@bookmark@seq@number=\count282

(/usr/share/texlive/texmf-dist/tex/latex/rerunfilecheck/rerunfilecheck.sty
Package: rerunfilecheck 2019/12/05 v1.9 Rerun checks for auxiliary files (HO)

(/usr/share/texlive/texmf-dist/tex/generic/uniquecounter/uniquecounter.sty
Package: uniquecounter 2019/12/15 v1.4 Provide unlimited unique counter (HO)
)
Package uniquecounter Info: New unique counter `rerunfilecheck' on input line 2
86.
)
\Hy@SectionHShift=\skip57
)
Package hyperref Info: Option `colorlinks' set `true' on input line 413.
Package hyperref Info: Option `linktocpage' set `true' on input line 413.
Package hyperref Info: Option `plainpages' set `false' on input line 413.
)
(/usr/share/texlive/texmf-dist/tex/latex/base/makeidx.sty
Package: makeidx 2014/09/29 v1.0m Standard LaTeX package
)
\@indexfile=\write3
\openout3 = `Rd2.idx'.


Writing index file Rd2.idx
LaTeX Font Info:    Trying to load font information for T1+ptm on input line 8.

(/usr/share/texlive/texmf-dist/tex/latex/psnfss/t1ptm.fd
File: t1ptm.fd 2001/06/04 font definitions for T1/ptm.
)
(/usr/share/texlive/texmf-dist/tex/latex/l3backend/l3backend-pdftex.def
File: l3backend-pdftex.def 2021-05-07 L3 backend support: PDF output (pdfTeX)
\l__color_backend_stack_int=\count283
\l__pdf_internal_box=\box53
)
(/tmp/Rtmpui7EjQ/Rd2pdff2d3f2632415e/Rd2.aux)
\openout1 = `Rd2.aux'.

LaTeX Font Info:    Checking defaults for OML/cmm/m/it on input line 8.
LaTeX Font Info:    ... okay on input line 8.
LaTeX Font Info:    Checking defaults for OMS/cmsy/m/n on input line 8.
LaTeX Font Info:    ... okay on input line 8.
LaTeX Font Info:    Checking defaults for OT1/cmr/m/n on input line 8.
LaTeX Font Info:    ... okay on input line 8.
LaTeX Font Info:    Checking defaults for T1/cmr/m/n on input line 8.
LaTeX Font Info:    ... okay on input line 8.
LaTeX Font Info:    Checking defaults for TS1/cmr/m/n on input line 8.
LaTeX Font Info:    ... okay on input line 8.
LaTeX Font Info:    Checking defaults for OMX/cmex/m/n on input line 8.
LaTeX Font Info:    ... okay on input line 8.
LaTeX Font Info:    Checking defaults for U/cmr/m/n on input line 8.
LaTeX Font Info:    ... okay on input line 8.
LaTeX Font Info:    Checking defaults for PD1/pdf/m/n on input line 8.
LaTeX Font Info:    ... okay on input line 8.
LaTeX Font Info:    Checking defaults for PU/pdf/m/n on input line 8.
LaTeX Font Info:    ... okay on input line 8.

(/usr/share/texlive/texmf-dist/tex/context/base/mkii/supp-pdf.mkii
[Loading MPS to PDF converter (version 2006.09.02).]
\scratchcounter=\count284
\scratchdimen=\dimen153
\scratchbox=\box54
\nofMPsegments=\count285
\nofMParguments=\count286
\everyMPshowfont=\toks25
\MPscratchCnt=\count287
\MPscratchDim=\dimen154
\MPnumerator=\count288
\makeMPintoPDFobject=\count289
\everyMPtoPDFconversion=\toks26
)
Package hyperref Info: Link coloring ON on input line 8.
 (/usr/share/texlive/texmf-dist/tex/latex/hyperref/nameref.sty
Package: nameref 2021-04-02 v2.47 Cross-referencing by name of section

(/usr/share/texlive/texmf-dist/tex/latex/refcount/refcount.sty
Package: refcount 2019/12/15 v3.6 Data extraction from label references (HO)
)
(/usr/share/texlive/texmf-dist/tex/generic/gettitlestring/gettitlestring.sty
Package: gettitlestring 2019/12/15 v1.6 Cleanup title references (HO)
)
\c@section@level=\count290
)
LaTeX Info: Redefining \ref on input line 8.
LaTeX Info: Redefining \pageref on input line 8.
LaTeX Info: Redefining \nameref on input line 8.

(/tmp/Rtmpui7EjQ/Rd2pdff2d3f2632415e/Rd2.out)
(/tmp/Rtmpui7EjQ/Rd2pdff2d3f2632415e/Rd2.out)
\@outlinefile=\write4
\openout4 = `Rd2.out'.

LaTeX Font Info:    Trying to load font information for T1+zi4 on input line 21
.

(/usr/share/texlive/texmf-dist/tex/latex/inconsolata/t1zi4.fd
File: t1zi4.fd 2018/01/14 T1/zi4 (Inconsolata)
)
LaTeX Font Info:    Font shape `T1/zi4/m/n' will be
(Font)              scaled to size 10.0pt on input line 21.
LaTeX Font Info:    Trying to load font information for TS1+ptm on input line 2
8.

(/usr/share/texlive/texmf-dist/tex/latex/psnfss/ts1ptm.fd
File: ts1ptm.fd 2001/06/04 font definitions for TS1/ptm.
)
LaTeX Font Info:    Trying to load font information for U+msa on input line 30.


(/usr/share/texlive/texmf-dist/tex/latex/amsfonts/umsa.fd
File: umsa.fd 2013/01/14 v3.01 AMS symbols A
)
LaTeX Font Info:    Trying to load font information for U+msb on input line 30.


(/usr/share/texlive/texmf-dist/tex/latex/amsfonts/umsb.fd
File: umsb.fd 2013/01/14 v3.01 AMS symbols B
)
LaTeX Font Info:    Trying to load font information for U+rsfs on input line 30
.

(/usr/share/texlive/texmf-dist/tex/latex/jknapltx/ursfs.fd
File: ursfs.fd 1998/03/24 rsfs font definition file (jk)
)
(/tmp/Rtmpui7EjQ/Rd2pdff2d3f2632415e/Rd2.toc [1


{/usr/share/texlive/texmf-var/fonts/map/pdftex/updmap/pdftex.map}] [2])
\tf@toc=\write5
\openout5 = `Rd2.toc'.

 [3]
Overfull \hbox (33.5567pt too wide) in paragraph at lines 88--90
[]\T1/ptm/m/n/10 Always com-piles the MCMC against the same R-level model used 
dur-ing the build step ([]\T1/zi4/m/n/10 build_obj$model[]\T1/ptm/m/n/10 ).
 []

[4] [5] [6] [7] [8] [9] [10] [11] [12]
Overfull \hbox (4.62764pt too wide) in paragraph at lines 576--578
[]\T1/ptm/m/n/10 A list of MCMC sam-ples or any ob-ject that can be con-verted 
by []\T1/zi4/m/n/10 as_mcmc_list()[]\T1/ptm/m/n/10 . 
 []

[13]
LaTeX Font Info:    Font shape `T1/zi4/m/n' will be
(Font)              scaled to size 9.0pt on input line 623.
 [14]
Overfull \hbox (20.69928pt too wide) in paragraph at lines 637--639
[]\T1/ptm/m/n/10 Converts an in-put ob-ject ([]\T1/zi4/m/n/10 mcmc.list[]\T1/pt
m/m/n/10 , []\T1/zi4/m/n/10 mcmc[]\T1/ptm/m/n/10 , []\T1/zi4/m/n/10 data.frame[
]\T1/ptm/m/n/10 , or []\T1/zi4/m/n/10 matrix[]\T1/ptm/m/n/10 ) into a []\T1/zi4
/m/n/10 coda[]\T1/ptm/m/n/10 -compatible []\T1/zi4/m/n/10 mcmc.list[]\T1/ptm/m/
n/10 . 
 []

[15]
Overfull \hbox (16.29628pt too wide) in paragraph at lines 750--751
[]\T1/ptm/m/n/10 function with sig-na-ture func-tion(inits) -> list(samples=sam
ples, run-time_s=seconds) 
 []

[16] [17] [18] [19] [20] [21]
Overfull \hbox (2.45938pt too wide) in paragraph at lines 1062--1063
[]\T1/ptm/m/n/10 Global NUTS via []\T1/zi4/m/n/10 nimbleHMC::configureHMC(model
, monitors = ...,
 []


Overfull \hbox (4.98979pt too wide) in paragraph at lines 1065--1066
[]\T1/ptm/m/n/10 Let []\T1/zi4/m/n/10 nimbleHMC::configureHMC(conf, model, ...)
 []\T1/ptm/m/n/10 choose tar-gets au-
 []

[22] [23]
Overfull \hbox (127.13841pt too wide) in paragraph at lines 1183--1185
[]\T1/ptm/m/n/10 Optional nu-meric vec-tor of per-sampler times aligned with []
\T1/zi4/m/n/10 nimble::configureMCMC(model)$getSamplers()[]\T1/ptm/m/n/10 . 
 []


Overfull \hbox (6.4086pt too wide) in paragraph at lines 1186--1188
[]\T1/ptm/m/n/10 Character la-bel for time axis (for ex-am-ple []\T1/zi4/m/n/10
 "seconds"[]\T1/ptm/m/n/10 , []\T1/zi4/m/n/10 "ms"[]\T1/ptm/m/n/10 ) (de-fault 
[]\T1/zi4/m/n/10 "seconds"[]\T1/ptm/m/n/10 ). 
 []


Overfull \hbox (12.6874pt too wide) in paragraph at lines 1208--1210
[]\T1/ptm/m/n/10 Logical; if []\T1/zi4/m/n/10 TRUE[]\T1/ptm/m/n/10 , com-pute a
nd plot family-level sum-maries in ad-di-tion to parameter-
 []

[24]
Overfull \hbox (1.23915pt too wide) in paragraph at lines 1257--1261
[]\T1/zi4/m/n/10 plots[]\T1/ptm/m/n/10 : list of gg-plot ob-jects (some may be 
[]\T1/zi4/m/n/10 NULL[]\T1/ptm/m/n/10 ): []\T1/zi4/m/n/10 plot_dependencies[]\T
1/ptm/m/n/10 , []\T1/zi4/m/n/10 plot_sampler_time[]\T1/ptm/m/n/10 ,
 []


Overfull \hbox (47.84094pt too wide) in paragraph at lines 1257--1261
[]\T1/zi4/m/n/10 plot_combined[]\T1/ptm/m/n/10 , []\T1/zi4/m/n/10 plot_dependen
cies_family[]\T1/ptm/m/n/10 , []\T1/zi4/m/n/10 plot_sampler_time_family[]\T1/pt
m/m/n/10 , []\T1/zi4/m/n/10 plot_combined_family[]\T1/ptm/m/n/10 . 
 []


Overfull \hbox (11.91719pt too wide) in paragraph at lines 1288--1292
\T1/ptm/m/n/10 maps sam-plers to their tar-gets, and op-tion-ally com-putes a s
tep-size proxy per tar-get via [][][]\T1/zi4/m/n/10 proxy_step_sd[][][]
 []


Overfull \hbox (29.95905pt too wide) in paragraph at lines 1317--1319
[]\T1/ptm/m/n/10 Optional []\T1/zi4/m/n/10 coda::mcmc.list []\T1/ptm/m/n/10 use
d to com-pute the step-size proxy via []\T1/zi4/m/n/10 proxy_step_sd()[]\T1/ptm
/m/n/10 . 
 []

[25] [26] [27] [28]
Overfull \hbox (1.42882pt too wide) in paragraph at lines 1548--1551
[]\T1/ptm/m/n/10 When []\T1/zi4/m/n/10 sampler_params []\T1/ptm/m/n/10 is pro-v
ided, only pa-ram-e-ters whose names are in-cluded in []\T1/zi4/m/n/10 sampler_
params
 []

[29] [30] [31]
Overfull \hbox (62.63803pt too wide) in paragraph at lines 1707--1709
[]\T1/ptm/m/n/10 Character string; path to out-put di-rec-tory for sav-ing fig-
ures (de-fault: []\T1/zi4/m/n/10 "outputs/diagnostics"[]\T1/ptm/m/n/10 ).
 []


Overfull \hbox (8.36789pt too wide) in paragraph at lines 1715--1717
[]\T1/ptm/m/n/10 Logical; if []\T1/zi4/m/n/10 TRUE[]\T1/ptm/m/n/10 , re-stricts
 plots to nodes that have an ex-plicit sam-pler in []\T1/zi4/m/n/10 conf.mcmc
 []


Overfull \hbox (27.3977pt too wide) in paragraph at lines 1718--1721
[]\T1/ptm/m/n/10 NIMBLE MCMC con-fig-u-ra-tion ob-ject, typ-i-cally pro-duced b
y []\T1/zi4/m/n/10 configureMCMC(model,
 []

[32] [33]
Overfull \hbox (69.84947pt too wide) in paragraph at lines 1833--1836
[]\T1/ptm/m/n/10 Optional out-put di-rec-tory. When pro-vided, saves: []\T1/zi4
/m/n/10 AE_median_by_family__samplers_only.png
 []


Overfull \hbox (7.37747pt too wide) in paragraph at lines 1840--1842
[]\T1/ptm/m/n/10 (invisible) A list with gg-plot ob-jects and sum-mary ta-bles:
 []\T1/zi4/m/n/10 list(p_ae, p_ce, table_ae, table_ce)[]\T1/ptm/m/n/10 . 
 []


Overfull \hbox (43.3688pt too wide) in paragraph at lines 1864--1868
\T1/ptm/m/n/10 MCMC sam-pler, dis-cov-ered \T1/ptm/m/it/10 in-side \T1/ptm/m/n/
10 via []\T1/zi4/m/n/10 conf.mcmc$getSamplers() []\T1/ptm/m/n/10 (or []\T1/zi4/
m/n/10 attr(diag_tbl,"mcmc_conf")[]\T1/ptm/m/n/10 ,
 []

[34]
Overfull \hbox (4.49782pt too wide) in paragraph at lines 1920--1923
[]\T1/ptm/m/n/10 make_bar_ce_median_all, make_bar_ce_worst_all, make_bar_time_t
op_all Tog-
 []


Overfull \hbox (7.62776pt too wide) in paragraph at lines 1924--1926
[]\T1/ptm/m/n/10 make_bar_ess_q5, make_hist_ce, make_hist_ae Tog-gles for the e
x-ist-ing \T1/ptm/b/n/10 sampled-
 []

[35]

! Package inputenc Error: Unicode character ̂ (U+0302)
(inputenc)                not set up for use with LaTeX.

See the inputenc package documentation for explanation.
Type  H <return>  for immediate help.
 ...                                              
                                                  
l.1992 \item{} median R̂
                          by family (bar chart with threshold line), and
You may provide a definition with
\DeclareUnicodeCharacter 


! Package inputenc Error: Unicode character ̂ (U+0302)
(inputenc)                not set up for use with LaTeX.

See the inputenc package documentation for explanation.
Type  H <return>  for immediate help.
 ...                                              
                                                  
l.1993 \item{} top-k worst nodes by R̂
                                        (bar chart with threshold line).
You may provide a definition with
\DeclareUnicodeCharacter 


Overfull \hbox (20.93921pt too wide) in paragraph at lines 2016--2018
[]\T1/ptm/m/n/10 A []\T1/zi4/m/n/10 data.frame []\T1/ptm/m/n/10 with at least c
ol-umn []\T1/zi4/m/n/10 target []\T1/ptm/m/n/10 and one of []\T1/zi4/m/n/10 Rha
t_split []\T1/ptm/m/n/10 or []\T1/zi4/m/n/10 Rhat_classic
 []

[36]

! Package inputenc Error: Unicode character ̂ (U+0302)
(inputenc)                not set up for use with LaTeX.

See the inputenc package documentation for explanation.
Type  H <return>  for immediate help.
 ...                                              
                                                  
l.2019 \item[\code{threshold}] Numeric; R̂
                                            reference line (default \code{1....

You may provide a definition with
\DeclareUnicodeCharacter 


Overfull \hbox (48.3197pt too wide) in paragraph at lines 2029--2033
[]\T1/ptm/m/n/10 Optional out-put di-rec-tory. Saves: []\T1/zi4/m/n/10 Rhat_med
ian_by_family__samplers_only_thr_*.png[]\T1/ptm/m/n/10 ,
 []


! Package inputenc Error: Unicode character ̂ (U+0302)
(inputenc)                not set up for use with LaTeX.

See the inputenc package documentation for explanation.
Type  H <return>  for immediate help.
 ...                                              
                                                  
l.2034 ...}] Integer; number of worst nodes by R̂
                                                   to display (default \code...

You may provide a definition with
\DeclareUnicodeCharacter 


Overfull \hbox (15.75787pt too wide) in paragraph at lines 2042--2044
[]\T1/ptm/m/n/10 (invisible) A list with gg-plot ob-jects and ta-bles: []\T1/zi
4/m/n/10 list(p_family, p_top, table_family, table_top,
 []

[37]
Overfull \hbox (24.05992pt too wide) in paragraph at lines 2089--2092
[]\T1/ptm/m/n/10 An ob-ject that can be con-verted to an []\T1/zi4/m/n/10 mcmc.
list []\T1/ptm/m/n/10 (e.g., []\T1/zi4/m/n/10 mcmc.list[]\T1/ptm/m/n/10 , []\T1
/zi4/m/n/10 mcmc[]\T1/ptm/m/n/10 , []\T1/zi4/m/n/10 data.frame[]\T1/ptm/m/n/10 
,
 []


Overfull \hbox (0.82765pt too wide) in paragraph at lines 2103--2106
[]\T1/ptm/m/n/10 Families are de-fined by the sub-string be-fore the first "[" 
in each pa-ram-e-ter name. If []\T1/zi4/m/n/10 sampler_params
 []


Overfull \hbox (15.67871pt too wide) in paragraph at lines 2133--2137
[]\T1/ptm/m/n/10 An ob-ject con-tain-ing MCMC draws (for ex-am-ple an []\T1/zi4
/m/n/10 mcmc.list[]\T1/ptm/m/n/10 , []\T1/zi4/m/n/10 mcmc[]\T1/ptm/m/n/10 , []\
T1/zi4/m/n/10 data.frame[]\T1/ptm/m/n/10 ,
 []


Overfull \hbox (26.24942pt too wide) in paragraph at lines 2133--2137
\T1/ptm/m/n/10 or []\T1/zi4/m/n/10 matrix[]\T1/ptm/m/n/10 ). It must be com-pat
-i-ble with []\T1/zi4/m/n/10 assess_performance() []\T1/ptm/m/n/10 via []\T1/zi
4/m/n/10 as_mcmc_list()[]\T1/ptm/m/n/10 . 
 []

[38]
Overfull \hbox (11.83989pt too wide) in paragraph at lines 2141--2145
\T1/ptm/m/n/10 pa-ram-e-ters in []\T1/zi4/m/n/10 assess_performance(samples, ru
ntime_s)$per_param []\T1/ptm/m/n/10 are used. 
 []


Overfull \hbox (0.35782pt too wide) in paragraph at lines 2153--2156
[]\T1/ptm/m/n/10 Families are de-fined by the pre-fix be-fore the first []\T1/z
i4/m/n/10 "[" []\T1/ptm/m/n/10 in the pa-ram-e-ter name (for ex-am-ple []\T1/zi
4/m/n/10 "beta[1]"
 []

[39]
Overfull \hbox (20.0994pt too wide) in paragraph at lines 2235--2237
[]\T1/ptm/m/n/10 A re-sult ob-ject from [][][]\T1/zi4/m/n/10 test_strategy_fami
ly_fast()[][][] []\T1/ptm/m/n/10 or [][][]\T1/zi4/m/n/10 configure_hmc_safely()
[][][]
 []


Overfull \hbox (3.05835pt too wide) in paragraph at lines 2242--2244
[]\T1/ptm/m/n/10 Integer; num-ber of keys (tar-gets or fam-i-lies) to keep for 
plot-ting based on []\T1/zi4/m/n/10 top_by[]\T1/ptm/m/n/10 .
 []

[40]
Overfull \hbox (85.11742pt too wide) in paragraph at lines 2264--2267
[]\T1/ptm/m/n/10 When di-ag-nos-tics are miss-ing but sam-ples/runtime are pro-
vided, the func-tion prefers []\T1/zi4/m/n/10 compute_diag_from_mcmc_vect()
 []

[41]
Overfull \hbox (91.45706pt too wide) in paragraph at lines 2355--2357
[]\T1/ptm/m/n/10 A NIM-BLE MCMC con-fig-u-ra-tion ob-ject (for ex-am-ple re-tur
ned by []\T1/zi4/m/n/10 nimble::configureMCMC(model)[]\T1/ptm/m/n/10 ). 
 []

[42] [43] [44] [45]
Overfull \hbox (25.02747pt too wide) in paragraph at lines 2569--2571
[]\T1/zi4/m/n/10 diag[]\T1/ptm/m/n/10 : list with []\T1/zi4/m/n/10 nodes []\T1/
ptm/m/n/10 (data.frame of node meta-data and HMC show-stop-per tags), []\T1/zi4
/m/n/10 nondiff_signals[]\T1/ptm/m/n/10 ,
 []

[46] [47] [48]
Overfull \hbox (11.21805pt too wide) in paragraph at lines 2755--2759
[]\T1/ptm/m/n/10 (typ-i-cally cre-ated in the sur-round-ing anal-y-sis func-tio
n and de-clared via []\T1/zi4/m/n/10 utils::globalVariables()[]\T1/ptm/m/n/10 )
. 
 []

[49] [50]
Overfull \hbox (55.22014pt too wide) in paragraph at lines 2882--2884
[]\T1/ptm/m/n/10 if []\T1/zi4/m/n/10 nbot >= 2[]\T1/ptm/m/n/10 , build the unio
n []\T1/zi4/m/n/10 {node1, node2} []\T1/ptm/m/n/10 (or []\T1/zi4/m/n/10 force_u
nion_nodes[]\T1/ptm/m/n/10 ) and ap-ply []\T1/zi4/m/n/10 strict_block_seq[]\T1/
ptm/m/n/10 . 
 []

[51] [52]
Overfull \hbox (1.59834pt too wide) in paragraph at lines 2981--2983
[]\T1/ptm/m/n/10 Logical; if []\T1/zi4/m/n/10 TRUE[]\T1/ptm/m/n/10 , at-tempt f
ull-model NUTS via []\T1/zi4/m/n/10 configure_hmc_safely() []\T1/ptm/m/n/10 whe
n
 []


Overfull \hbox (29.0087pt too wide) in paragraph at lines 2996--2998
[]\T1/ptm/m/n/10 Character vec-tor of scalar sam-pler types to try in or-der, e
.g. []\T1/zi4/m/n/10 c("NUTS","slice","RW")[]\T1/ptm/m/n/10 . 
 []


Overfull \hbox (102.90897pt too wide) in paragraph at lines 2999--3001
[]\T1/ptm/m/n/10 Character vec-tor of block sam-pler types to try in or-der, e.
g. []\T1/zi4/m/n/10 c("NUTS_block","AF_slice","RW_block")[]\T1/ptm/m/n/10 . 
 []


Overfull \hbox (19.43842pt too wide) in paragraph at lines 3005--3007
[]\T1/ptm/m/n/10 Optional named list map-ping fam-ily -> ex-plicit node vec-tor
 (e.g., []\T1/zi4/m/n/10 list(logit_theta
 []

[53]
Overfull \hbox (74.26823pt too wide) in paragraph at lines 3027--3031
[]\T1/ptm/m/n/10 Fresh build via in-ter-nal helpers (e.g., []\T1/zi4/m/n/10 .fr
esh_build()[]\T1/ptm/m/n/10 ), then a short \T1/ptm/b/n/10 base-line \T1/ptm/m/
n/10 run with []\T1/zi4/m/n/10 run_baseline_config()
 []


Overfull \hbox (159.76646pt too wide) in paragraph at lines 3038--3040
[]\T1/ptm/m/n/10 Selects []\T1/zi4/m/n/10 nbot []\T1/ptm/m/n/10 bot-tle-neck fa
m-i-lies by me-dian CE (ESS/s) from the base-line (or uses []\T1/zi4/m/n/10 for
ce_families[]\T1/ptm/m/n/10 /[]\T1/zi4/m/n/10 force_nodes[]\T1/ptm/m/n/10 /[]\T
1/zi4/m/n/10 force_union[]\T1/ptm/m/n/10 ). 
 []


Overfull \hbox (52.55861pt too wide) in paragraph at lines 3040--3042
[]\T1/ptm/m/n/10 Applies \T1/ptm/b/n/10 strict scalar se-quences \T1/ptm/m/n/10
 ([]\T1/zi4/m/n/10 strict_scalar_seq[]\T1/ptm/m/n/10 ) on fam-ily 1 (e.g., []\T
1/zi4/m/n/10 c("NUTS","slice","RW")[]\T1/ptm/m/n/10 ). 
 []


Overfull \hbox (7.56973pt too wide) in paragraph at lines 3087--3089
[]\T1/ptm/m/n/10 When []\T1/zi4/m/n/10 mode == "HMC_full"[]\T1/ptm/m/n/10 , the
 ob-ject re-turned by []\T1/zi4/m/n/10 configure_hmc_safely() []\T1/ptm/m/n/10 
with []\T1/zi4/m/n/10 $diag_tbl
 []

[54]
Overfull \hbox (1.59834pt too wide) in paragraph at lines 3162--3164
[]\T1/ptm/m/n/10 Logical; if []\T1/zi4/m/n/10 TRUE[]\T1/ptm/m/n/10 , at-tempt f
ull-model NUTS via []\T1/zi4/m/n/10 configure_hmc_safely() []\T1/ptm/m/n/10 whe
n
 []

[55]
Overfull \hbox (29.0087pt too wide) in paragraph at lines 3177--3179
[]\T1/ptm/m/n/10 Character vec-tor of scalar sam-pler types to try in or-der, e
.g. []\T1/zi4/m/n/10 c("NUTS","slice","RW")[]\T1/ptm/m/n/10 . 
 []


Overfull \hbox (102.90897pt too wide) in paragraph at lines 3180--3182
[]\T1/ptm/m/n/10 Character vec-tor of block sam-pler types to try in or-der, e.
g. []\T1/zi4/m/n/10 c("NUTS_block","AF_slice","RW_block")[]\T1/ptm/m/n/10 . 
 []


Overfull \hbox (19.43842pt too wide) in paragraph at lines 3186--3188
[]\T1/ptm/m/n/10 Optional named list map-ping fam-ily -> ex-plicit node vec-tor
 (e.g., []\T1/zi4/m/n/10 list(logit_theta
 []


Overfull \hbox (74.26823pt too wide) in paragraph at lines 3208--3211
[]\T1/ptm/m/n/10 Fresh build via in-ter-nal helpers (e.g., []\T1/zi4/m/n/10 .fr
esh_build()[]\T1/ptm/m/n/10 ), then a short \T1/ptm/b/n/10 base-line \T1/ptm/m/
n/10 run with []\T1/zi4/m/n/10 run_baseline_config()
 []


Overfull \hbox (159.76646pt too wide) in paragraph at lines 3218--3220
[]\T1/ptm/m/n/10 Selects []\T1/zi4/m/n/10 nbot []\T1/ptm/m/n/10 bot-tle-neck fa
m-i-lies by me-dian CE (ESS/s) from the base-line (or uses []\T1/zi4/m/n/10 for
ce_families[]\T1/ptm/m/n/10 /[]\T1/zi4/m/n/10 force_nodes[]\T1/ptm/m/n/10 /[]\T
1/zi4/m/n/10 force_union[]\T1/ptm/m/n/10 ). 
 []


Overfull \hbox (52.55861pt too wide) in paragraph at lines 3220--3222
[]\T1/ptm/m/n/10 Applies \T1/ptm/b/n/10 strict scalar se-quences \T1/ptm/m/n/10
 ([]\T1/zi4/m/n/10 strict_scalar_seq[]\T1/ptm/m/n/10 ) on fam-ily 1 (e.g., []\T
1/zi4/m/n/10 c("NUTS","slice","RW")[]\T1/ptm/m/n/10 ). 
 []

[56]
Overfull \hbox (7.56973pt too wide) in paragraph at lines 3267--3269
[]\T1/ptm/m/n/10 When []\T1/zi4/m/n/10 mode == "HMC_full"[]\T1/ptm/m/n/10 , the
 ob-ject re-turned by []\T1/zi4/m/n/10 configure_hmc_safely() []\T1/ptm/m/n/10 
with []\T1/zi4/m/n/10 $diag_tbl
 []

[57] [58] (/tmp/Rtmpui7EjQ/Rd2pdff2d3f2632415e/Rd2.ind [59] [60

]
Overfull \hbox (18.3567pt too wide) in paragraph at lines 159--161
[]\T1/zi4/m/n/10 plot_strategies_from_test_result_hmc_fast\T1/ptm/m/n/10 , 
 []

[61]) (/tmp/Rtmpui7EjQ/Rd2pdff2d3f2632415e/Rd2.aux)
Package rerunfilecheck Info: File `Rd2.out' has not changed.
(rerunfilecheck)             Checksum: 1942E2E63B7FFFF23836803FF2DC7A4E;13426.
 ) 
Here is how much of TeX's memory you used:
 10368 strings out of 478855
 151057 string characters out of 5858635
 449557 words of memory out of 6000000
 27275 multiletter control sequences out of 15000+600000
 440585 words of font info for 72 fonts, out of 8000000 for 9000
 1137 hyphenation exceptions out of 8191
 77i,6n,79p,438b,617s stack positions out of 5000i,500n,10000p,200000b,80000s
pdfTeX warning (dest): name{Rfn.rhat} has been referenced but does not exist,
 replaced by a fixed one

pdfTeX warning (dest): name{Rfn.ess.Rul.bulk} has been referenced but does not 
exist, replaced by a fixed one

pdfTeX warning (dest): name{Rfn.effectiveSize} has been referenced but does not
 exist, replaced by a fixed one

{/usr/share/texlive/texmf-dist/fonts/enc/dvips/base/8r.enc}{/usr/share/texlive/
texmf-dist/fonts/enc/dvips/inconsolata/i4-t1-0.enc}</usr/share/texlive/texmf-di
st/fonts/type1/public/inconsolata/Inconsolata-zi4r.pfb></usr/share/texlive/texm
f-dist/fonts/type1/public/amsfonts/cm/cmmi10.pfb></usr/share/texlive/texmf-dist
/fonts/type1/public/amsfonts/cm/cmmi7.pfb></usr/share/texlive/texmf-dist/fonts/
type1/public/amsfonts/cm/cmr10.pfb></usr/share/texlive/texmf-dist/fonts/type1/p
ublic/amsfonts/cm/cmsy10.pfb></usr/share/texlive/texmf-dist/fonts/type1/urw/tim
es/utmb8a.pfb></usr/share/texlive/texmf-dist/fonts/type1/urw/times/utmr8a.pfb><
/usr/share/texlive/texmf-dist/fonts/type1/urw/times/utmr8a.pfb></usr/share/texl
ive/texmf-dist/fonts/type1/urw/times/utmri8a.pfb>
Output written on Rd2.pdf (61 pages, 250661 bytes).
PDF statistics:
 1405 PDF objects out of 1440 (max. 8388607)
 1319 compressed objects within 14 object streams
 547 named destinations out of 1000 (max. 500000)
 617 words of extra memory for PDF output out of 10000 (max. 10000000)

